Vivado Simulator 2018.3
Copyright 1986-1999, 2001-2018 Xilinx, Inc. All Rights Reserved.
Running: D:/ProgramData/Xilinx/Vivado/2018.3/bin/unwrapped/win64.o/xelab.exe -wto 5b3de598d9d943c0affb58e92e5897ef --incr --debug typical --relax --mt 2 -L xil_defaultlib -L secureip --snapshot fir_filter_tb_func_synth xil_defaultlib.fir_filter_tb -log elaborate.log 
Using 2 slave threads.
Starting static elaboration
Completed static elaboration
Starting simulation data flow analysis
Completed simulation data flow analysis
Time Resolution for simulation is 1ps
Compiling package std.standard
Compiling package std.textio
Compiling package ieee.std_logic_1164
Compiling package ieee.numeric_std
Compiling package ieee.math_real
Compiling package xil_defaultlib.types
Compiling package unisim.vcomponents
Compiling package ieee.vital_timing
Compiling package ieee.vital_primitives
Compiling package unisim.vpkg
Compiling package ieee.std_logic_arith
Compiling package ieee.std_logic_signed
Compiling architecture bufg_v of entity unisim.BUFG [bufg_default]
Compiling architecture ibuf_v of entity unisim.IBUF [\IBUF(1,9)(1,1)(1,4)(1,7)\]
Compiling architecture fdce_v of entity unisim.FDCE [fdce_default]
Compiling architecture dsp48e1_v of entity unisim.DSP48E1 [\DSP48E1(acascreg=0,alumodereg=0...]
Compiling architecture dsp48e1_v of entity unisim.DSP48E1 [\DSP48E1(acascreg=0,alumodereg=0...]
Compiling architecture dsp48e1_v of entity unisim.DSP48E1 [\DSP48E1(acascreg=0,alumodereg=0...]
Compiling architecture obuf_v of entity unisim.OBUF [\OBUF(1,9)(1,7)(1,4)\]
Compiling architecture lut2_v of entity unisim.LUT2 [\LUT2(init="1000")(0,3)\]
Compiling architecture structure of entity xil_defaultlib.fir_filter [fir_filter_default]
Compiling architecture beha of entity xil_defaultlib.fir_filter_tb
Built simulation snapshot fir_filter_tb_func_synth
