
*** Running vivado
    with args -log fir_filter_s2.vds -m64 -product Vivado -mode batch -messageDb vivado.pb -notrace -source fir_filter_s2.tcl


****** Vivado v2018.3 (64-bit)
  **** SW Build 2405991 on Thu Dec  6 23:38:27 MST 2018
  **** IP Build 2404404 on Fri Dec  7 01:43:56 MST 2018
    ** Copyright 1986-2018 Xilinx, Inc. All Rights Reserved.

source fir_filter_s2.tcl -notrace
Command: synth_design -top fir_filter_s2 -part xc7k70tfbv676-1
Starting synth_design
Attempting to get a license for feature 'Synthesis' and/or device 'xc7k70t'
INFO: [Common 17-349] Got license for feature 'Synthesis' and/or device 'xc7k70t'
INFO: Launching helper process for spawning children vivado processes
INFO: Helper process launched with PID 12648 
---------------------------------------------------------------------------------
Starting RTL Elaboration : Time (s): cpu = 00:00:04 ; elapsed = 00:00:04 . Memory (MB): peak = 362.262 ; gain = 100.777
---------------------------------------------------------------------------------
INFO: [Synth 8-638] synthesizing module 'fir_filter_s2' [D:/Documents/Digital_System_Design_Lab/Project/Code/VHDL/final_project/final_project.srcs/sources_1/new/fir_filter_s2.vhd:19]
INFO: [Synth 8-256] done synthesizing module 'fir_filter_s2' (1#1) [D:/Documents/Digital_System_Design_Lab/Project/Code/VHDL/final_project/final_project.srcs/sources_1/new/fir_filter_s2.vhd:19]
---------------------------------------------------------------------------------
Finished RTL Elaboration : Time (s): cpu = 00:00:05 ; elapsed = 00:00:05 . Memory (MB): peak = 418.742 ; gain = 157.258
---------------------------------------------------------------------------------

Report Check Netlist: 
+------+------------------+-------+---------+-------+------------------+
|      |Item              |Errors |Warnings |Status |Description       |
+------+------------------+-------+---------+-------+------------------+
|1     |multi_driven_nets |      0|        0|Passed |Multi driven nets |
+------+------------------+-------+---------+-------+------------------+
---------------------------------------------------------------------------------
Start Handling Custom Attributes
---------------------------------------------------------------------------------
---------------------------------------------------------------------------------
Finished Handling Custom Attributes : Time (s): cpu = 00:00:05 ; elapsed = 00:00:06 . Memory (MB): peak = 418.742 ; gain = 157.258
---------------------------------------------------------------------------------
---------------------------------------------------------------------------------
Finished RTL Optimization Phase 1 : Time (s): cpu = 00:00:05 ; elapsed = 00:00:06 . Memory (MB): peak = 418.742 ; gain = 157.258
---------------------------------------------------------------------------------
INFO: [Device 21-403] Loading part xc7k70tfbv676-1
INFO: [Project 1-570] Preparing netlist for logic optimization

Processing XDC Constraints
Initializing timing engine
Parsing XDC File [D:/Documents/Digital_System_Design_Lab/Project/Code/VHDL/final_project/final_project.srcs/constrs_1/new/constraint.xdc]
Finished Parsing XDC File [D:/Documents/Digital_System_Design_Lab/Project/Code/VHDL/final_project/final_project.srcs/constrs_1/new/constraint.xdc]
Completed Processing XDC Constraints

Netlist sorting complete. Time (s): cpu = 00:00:00 ; elapsed = 00:00:00.001 . Memory (MB): peak = 756.391 ; gain = 0.000
INFO: [Project 1-111] Unisim Transformation Summary:
No Unisim elements were transformed.

Netlist sorting complete. Time (s): cpu = 00:00:00 ; elapsed = 00:00:00.001 . Memory (MB): peak = 756.762 ; gain = 0.000
Constraint Validation Runtime : Time (s): cpu = 00:00:00 ; elapsed = 00:00:00.037 . Memory (MB): peak = 756.762 ; gain = 0.371
---------------------------------------------------------------------------------
Finished Constraint Validation : Time (s): cpu = 00:00:16 ; elapsed = 00:00:17 . Memory (MB): peak = 756.762 ; gain = 495.277
---------------------------------------------------------------------------------
---------------------------------------------------------------------------------
Start Loading Part and Timing Information
---------------------------------------------------------------------------------
Loading part: xc7k70tfbv676-1
---------------------------------------------------------------------------------
Finished Loading Part and Timing Information : Time (s): cpu = 00:00:16 ; elapsed = 00:00:17 . Memory (MB): peak = 756.762 ; gain = 495.277
---------------------------------------------------------------------------------
---------------------------------------------------------------------------------
Start Applying 'set_property' XDC Constraints
---------------------------------------------------------------------------------
---------------------------------------------------------------------------------
Finished applying 'set_property' XDC Constraints : Time (s): cpu = 00:00:16 ; elapsed = 00:00:17 . Memory (MB): peak = 756.762 ; gain = 495.277
---------------------------------------------------------------------------------
---------------------------------------------------------------------------------
Finished RTL Optimization Phase 2 : Time (s): cpu = 00:00:17 ; elapsed = 00:00:18 . Memory (MB): peak = 756.762 ; gain = 495.277
---------------------------------------------------------------------------------

Report RTL Partitions: 
+-+--------------+------------+----------+
| |RTL Partition |Replication |Instances |
+-+--------------+------------+----------+
+-+--------------+------------+----------+
---------------------------------------------------------------------------------
Start RTL Component Statistics 
---------------------------------------------------------------------------------
Detailed RTL Component Info : 
+---Registers : 
	               12 Bit    Registers := 52    
---------------------------------------------------------------------------------
Finished RTL Component Statistics 
---------------------------------------------------------------------------------
---------------------------------------------------------------------------------
Start RTL Hierarchical Component Statistics 
---------------------------------------------------------------------------------
Hierarchical RTL Component report 
Module fir_filter_s2 
Detailed RTL Component Info : 
+---Registers : 
	               12 Bit    Registers := 52    
---------------------------------------------------------------------------------
Finished RTL Hierarchical Component Statistics
---------------------------------------------------------------------------------
---------------------------------------------------------------------------------
Start Part Resource Summary
---------------------------------------------------------------------------------
Part Resources:
DSPs: 240 (col length:80)
BRAMs: 270 (col length: RAMB18 80 RAMB36 40)
---------------------------------------------------------------------------------
Finished Part Resource Summary
---------------------------------------------------------------------------------
---------------------------------------------------------------------------------
Start Cross Boundary and Area Optimization
---------------------------------------------------------------------------------
Warning: Parallel synthesis criteria is not met 
DSP Report: Generating DSP cnt_reg[50], operation Mode is: (A*(B:0x3ffbd))'.
DSP Report: register cnt_reg[50] is absorbed into DSP cnt_reg[50].
DSP Report: operator ARG is absorbed into DSP cnt_reg[50].
DSP Report: Generating DSP cnt_reg[49], operation Mode is: (A*(B:0x3ffa0))'.
DSP Report: register cnt_reg[49] is absorbed into DSP cnt_reg[49].
DSP Report: operator ARG is absorbed into DSP cnt_reg[49].
DSP Report: Generating DSP plusOp, operation Mode is: PCIN+A:B+C.
DSP Report: operator plusOp is absorbed into DSP plusOp.
DSP Report: Generating DSP plusOp, operation Mode is: PCIN+(A*(B:0x3ff66))'.
DSP Report: register cnt_reg[48] is absorbed into DSP plusOp.
DSP Report: operator plusOp is absorbed into DSP plusOp.
DSP Report: operator ARG is absorbed into DSP plusOp.
DSP Report: Generating DSP cnt_reg[47], operation Mode is: (A*(B:0x3ff1d))'.
DSP Report: register cnt_reg[47] is absorbed into DSP cnt_reg[47].
DSP Report: operator ARG is absorbed into DSP cnt_reg[47].
DSP Report: Generating DSP plusOp, operation Mode is: PCIN+A:B.
DSP Report: operator plusOp is absorbed into DSP plusOp.
DSP Report: Generating DSP plusOp, operation Mode is: PCIN+(A*(B:0x3fecb))'.
DSP Report: register cnt_reg[46] is absorbed into DSP plusOp.
DSP Report: operator plusOp is absorbed into DSP plusOp.
DSP Report: operator ARG is absorbed into DSP plusOp.
DSP Report: Generating DSP cnt_reg[45], operation Mode is: (A*(B:0x3fe75))'.
DSP Report: register cnt_reg[45] is absorbed into DSP cnt_reg[45].
DSP Report: operator ARG is absorbed into DSP cnt_reg[45].
DSP Report: Generating DSP plusOp, operation Mode is: PCIN+A:B.
DSP Report: operator plusOp is absorbed into DSP plusOp.
DSP Report: Generating DSP plusOp, operation Mode is: PCIN+(A*(B:0x3fe26))'.
DSP Report: register cnt_reg[44] is absorbed into DSP plusOp.
DSP Report: operator plusOp is absorbed into DSP plusOp.
DSP Report: operator ARG is absorbed into DSP plusOp.
DSP Report: Generating DSP cnt_reg[43], operation Mode is: (A*(B:0x3fde9))'.
DSP Report: register cnt_reg[43] is absorbed into DSP cnt_reg[43].
DSP Report: operator ARG is absorbed into DSP cnt_reg[43].
DSP Report: Generating DSP plusOp, operation Mode is: PCIN+A:B.
DSP Report: operator plusOp is absorbed into DSP plusOp.
DSP Report: Generating DSP plusOp, operation Mode is: PCIN+(A*(B:0x3fdcb))'.
DSP Report: register cnt_reg[42] is absorbed into DSP plusOp.
DSP Report: operator plusOp is absorbed into DSP plusOp.
DSP Report: operator ARG is absorbed into DSP plusOp.
DSP Report: Generating DSP cnt_reg[41], operation Mode is: (A*(B:0x3fddb))'.
DSP Report: register cnt_reg[41] is absorbed into DSP cnt_reg[41].
DSP Report: operator ARG is absorbed into DSP cnt_reg[41].
DSP Report: Generating DSP plusOp, operation Mode is: PCIN+A:B.
DSP Report: operator plusOp is absorbed into DSP plusOp.
DSP Report: Generating DSP plusOp, operation Mode is: PCIN+(A*(B:0x3fe28))'.
DSP Report: register cnt_reg[40] is absorbed into DSP plusOp.
DSP Report: operator plusOp is absorbed into DSP plusOp.
DSP Report: operator ARG is absorbed into DSP plusOp.
DSP Report: Generating DSP cnt_reg[39], operation Mode is: (A*(B:0x3febe))'.
DSP Report: register cnt_reg[39] is absorbed into DSP cnt_reg[39].
DSP Report: operator ARG is absorbed into DSP cnt_reg[39].
DSP Report: Generating DSP plusOp, operation Mode is: PCIN+A:B.
DSP Report: operator plusOp is absorbed into DSP plusOp.
DSP Report: Generating DSP plusOp, operation Mode is: PCIN+(A*(B:0x3ffa6))'.
DSP Report: register cnt_reg[38] is absorbed into DSP plusOp.
DSP Report: operator plusOp is absorbed into DSP plusOp.
DSP Report: operator ARG is absorbed into DSP plusOp.
DSP Report: Generating DSP cnt_reg[37], operation Mode is: (A*(B:0xe6))'.
DSP Report: register cnt_reg[37] is absorbed into DSP cnt_reg[37].
DSP Report: operator ARG is absorbed into DSP cnt_reg[37].
DSP Report: Generating DSP plusOp, operation Mode is: PCIN+A:B.
DSP Report: operator plusOp is absorbed into DSP plusOp.
DSP Report: Generating DSP plusOp, operation Mode is: PCIN+(A*(B:0x27c))'.
DSP Report: register cnt_reg[36] is absorbed into DSP plusOp.
DSP Report: operator plusOp is absorbed into DSP plusOp.
DSP Report: operator ARG is absorbed into DSP plusOp.
DSP Report: Generating DSP cnt_reg[35], operation Mode is: (A*(B:0x461))'.
DSP Report: register cnt_reg[35] is absorbed into DSP cnt_reg[35].
DSP Report: operator ARG is absorbed into DSP cnt_reg[35].
DSP Report: Generating DSP plusOp, operation Mode is: PCIN+A:B.
DSP Report: operator plusOp is absorbed into DSP plusOp.
DSP Report: Generating DSP plusOp, operation Mode is: PCIN+(A*(B:0x688))'.
DSP Report: register cnt_reg[34] is absorbed into DSP plusOp.
DSP Report: operator plusOp is absorbed into DSP plusOp.
DSP Report: operator ARG is absorbed into DSP plusOp.
DSP Report: Generating DSP cnt_reg[33], operation Mode is: ((A:0x8dd)*B)'.
DSP Report: register cnt_reg[33] is absorbed into DSP cnt_reg[33].
DSP Report: operator ARG is absorbed into DSP cnt_reg[33].
DSP Report: Generating DSP plusOp, operation Mode is: PCIN+A:B.
DSP Report: operator plusOp is absorbed into DSP plusOp.
DSP Report: Generating DSP plusOp, operation Mode is: PCIN+((A:0xb47)*B)'.
DSP Report: register cnt_reg[32] is absorbed into DSP plusOp.
DSP Report: operator plusOp is absorbed into DSP plusOp.
DSP Report: operator ARG is absorbed into DSP plusOp.
DSP Report: Generating DSP cnt_reg[31], operation Mode is: ((A:0xda8)*B)'.
DSP Report: register cnt_reg[31] is absorbed into DSP cnt_reg[31].
DSP Report: operator ARG is absorbed into DSP cnt_reg[31].
DSP Report: Generating DSP plusOp, operation Mode is: PCIN+A:B.
DSP Report: operator plusOp is absorbed into DSP plusOp.
DSP Report: Generating DSP plusOp, operation Mode is: PCIN+((A:0xfe2)*B)'.
DSP Report: register cnt_reg[30] is absorbed into DSP plusOp.
DSP Report: operator plusOp is absorbed into DSP plusOp.
DSP Report: operator ARG is absorbed into DSP plusOp.
DSP Report: Generating DSP cnt_reg[29], operation Mode is: ((A:0x11d6)*B)'.
DSP Report: register cnt_reg[29] is absorbed into DSP cnt_reg[29].
DSP Report: operator ARG is absorbed into DSP cnt_reg[29].
DSP Report: Generating DSP plusOp, operation Mode is: PCIN+A:B.
DSP Report: operator plusOp is absorbed into DSP plusOp.
DSP Report: Generating DSP plusOp, operation Mode is: PCIN+((A:0x1369)*B)'.
DSP Report: register cnt_reg[28] is absorbed into DSP plusOp.
DSP Report: operator plusOp is absorbed into DSP plusOp.
DSP Report: operator ARG is absorbed into DSP plusOp.
DSP Report: Generating DSP cnt_reg[27], operation Mode is: ((A:0x1484)*B)'.
DSP Report: register cnt_reg[27] is absorbed into DSP cnt_reg[27].
DSP Report: operator ARG is absorbed into DSP cnt_reg[27].
DSP Report: Generating DSP plusOp, operation Mode is: PCIN+A:B.
DSP Report: operator plusOp is absorbed into DSP plusOp.
DSP Report: Generating DSP plusOp, operation Mode is: PCIN+((A:0x1516)*B)'.
DSP Report: register cnt_reg[26] is absorbed into DSP plusOp.
DSP Report: operator plusOp is absorbed into DSP plusOp.
DSP Report: operator ARG is absorbed into DSP plusOp.
DSP Report: Generating DSP cnt_reg[25], operation Mode is: ((A:0x1516)*B)'.
DSP Report: register cnt_reg[25] is absorbed into DSP cnt_reg[25].
DSP Report: operator ARG is absorbed into DSP cnt_reg[25].
DSP Report: Generating DSP plusOp, operation Mode is: PCIN+A:B.
DSP Report: operator plusOp is absorbed into DSP plusOp.
DSP Report: Generating DSP plusOp, operation Mode is: PCIN+((A:0x1484)*B)'.
DSP Report: register cnt_reg[24] is absorbed into DSP plusOp.
DSP Report: operator plusOp is absorbed into DSP plusOp.
DSP Report: operator ARG is absorbed into DSP plusOp.
DSP Report: Generating DSP cnt_reg[23], operation Mode is: ((A:0x1369)*B)'.
DSP Report: register cnt_reg[23] is absorbed into DSP cnt_reg[23].
DSP Report: operator ARG is absorbed into DSP cnt_reg[23].
DSP Report: Generating DSP plusOp, operation Mode is: PCIN+A:B.
DSP Report: operator plusOp is absorbed into DSP plusOp.
DSP Report: Generating DSP plusOp, operation Mode is: PCIN+((A:0x11d6)*B)'.
DSP Report: register cnt_reg[22] is absorbed into DSP plusOp.
DSP Report: operator plusOp is absorbed into DSP plusOp.
DSP Report: operator ARG is absorbed into DSP plusOp.
DSP Report: Generating DSP cnt_reg[21], operation Mode is: ((A:0xfe2)*B)'.
DSP Report: register cnt_reg[21] is absorbed into DSP cnt_reg[21].
DSP Report: operator ARG is absorbed into DSP cnt_reg[21].
DSP Report: Generating DSP plusOp, operation Mode is: PCIN+A:B.
DSP Report: operator plusOp is absorbed into DSP plusOp.
DSP Report: Generating DSP plusOp, operation Mode is: PCIN+((A:0xda8)*B)'.
DSP Report: register cnt_reg[20] is absorbed into DSP plusOp.
DSP Report: operator plusOp is absorbed into DSP plusOp.
DSP Report: operator ARG is absorbed into DSP plusOp.
DSP Report: Generating DSP cnt_reg[19], operation Mode is: ((A:0xb47)*B)'.
DSP Report: register cnt_reg[19] is absorbed into DSP cnt_reg[19].
DSP Report: operator ARG is absorbed into DSP cnt_reg[19].
DSP Report: Generating DSP plusOp, operation Mode is: PCIN+A:B.
DSP Report: operator plusOp is absorbed into DSP plusOp.
DSP Report: Generating DSP plusOp, operation Mode is: PCIN+((A:0x8dd)*B)'.
DSP Report: register cnt_reg[18] is absorbed into DSP plusOp.
DSP Report: operator plusOp is absorbed into DSP plusOp.
DSP Report: operator ARG is absorbed into DSP plusOp.
DSP Report: Generating DSP cnt_reg[17], operation Mode is: (A*(B:0x688))'.
DSP Report: register cnt_reg[17] is absorbed into DSP cnt_reg[17].
DSP Report: operator ARG is absorbed into DSP cnt_reg[17].
DSP Report: Generating DSP plusOp, operation Mode is: PCIN+A:B.
DSP Report: operator plusOp is absorbed into DSP plusOp.
DSP Report: Generating DSP plusOp, operation Mode is: PCIN+(A*(B:0x461))'.
DSP Report: register cnt_reg[16] is absorbed into DSP plusOp.
DSP Report: operator plusOp is absorbed into DSP plusOp.
DSP Report: operator ARG is absorbed into DSP plusOp.
DSP Report: Generating DSP cnt_reg[15], operation Mode is: (A*(B:0x27c))'.
DSP Report: register cnt_reg[15] is absorbed into DSP cnt_reg[15].
DSP Report: operator ARG is absorbed into DSP cnt_reg[15].
DSP Report: Generating DSP plusOp, operation Mode is: PCIN+A:B.
DSP Report: operator plusOp is absorbed into DSP plusOp.
DSP Report: Generating DSP plusOp, operation Mode is: PCIN+(A*(B:0xe6))'.
DSP Report: register cnt_reg[14] is absorbed into DSP plusOp.
DSP Report: operator plusOp is absorbed into DSP plusOp.
DSP Report: operator ARG is absorbed into DSP plusOp.
DSP Report: Generating DSP cnt_reg[13], operation Mode is: (A*(B:0x3ffa6))'.
DSP Report: register cnt_reg[13] is absorbed into DSP cnt_reg[13].
DSP Report: operator ARG is absorbed into DSP cnt_reg[13].
DSP Report: Generating DSP plusOp, operation Mode is: PCIN+A:B.
DSP Report: operator plusOp is absorbed into DSP plusOp.
DSP Report: Generating DSP plusOp, operation Mode is: PCIN+(A*(B:0x3febe))'.
DSP Report: register cnt_reg[12] is absorbed into DSP plusOp.
DSP Report: operator plusOp is absorbed into DSP plusOp.
DSP Report: operator ARG is absorbed into DSP plusOp.
DSP Report: Generating DSP cnt_reg[11], operation Mode is: (A*(B:0x3fe28))'.
DSP Report: register cnt_reg[11] is absorbed into DSP cnt_reg[11].
DSP Report: operator ARG is absorbed into DSP cnt_reg[11].
DSP Report: Generating DSP plusOp, operation Mode is: PCIN+A:B.
DSP Report: operator plusOp is absorbed into DSP plusOp.
DSP Report: Generating DSP plusOp, operation Mode is: PCIN+(A*(B:0x3fddb))'.
DSP Report: register cnt_reg[10] is absorbed into DSP plusOp.
DSP Report: operator plusOp is absorbed into DSP plusOp.
DSP Report: operator ARG is absorbed into DSP plusOp.
DSP Report: Generating DSP cnt_reg[9], operation Mode is: (A*(B:0x3fdcb))'.
DSP Report: register cnt_reg[9] is absorbed into DSP cnt_reg[9].
DSP Report: operator ARG is absorbed into DSP cnt_reg[9].
DSP Report: Generating DSP plusOp, operation Mode is: PCIN+A:B.
DSP Report: operator plusOp is absorbed into DSP plusOp.
DSP Report: Generating DSP plusOp, operation Mode is: PCIN+(A*(B:0x3fde9))'.
DSP Report: register cnt_reg[8] is absorbed into DSP plusOp.
DSP Report: operator plusOp is absorbed into DSP plusOp.
DSP Report: operator ARG is absorbed into DSP plusOp.
DSP Report: Generating DSP cnt_reg[7], operation Mode is: (A*(B:0x3fe26))'.
DSP Report: register cnt_reg[7] is absorbed into DSP cnt_reg[7].
DSP Report: operator ARG is absorbed into DSP cnt_reg[7].
DSP Report: Generating DSP plusOp, operation Mode is: PCIN+A:B.
DSP Report: operator plusOp is absorbed into DSP plusOp.
DSP Report: Generating DSP plusOp, operation Mode is: PCIN+(A*(B:0x3fe75))'.
DSP Report: register cnt_reg[6] is absorbed into DSP plusOp.
DSP Report: operator plusOp is absorbed into DSP plusOp.
DSP Report: operator ARG is absorbed into DSP plusOp.
DSP Report: Generating DSP cnt_reg[5], operation Mode is: (A*(B:0x3fecb))'.
DSP Report: register cnt_reg[5] is absorbed into DSP cnt_reg[5].
DSP Report: operator ARG is absorbed into DSP cnt_reg[5].
DSP Report: Generating DSP plusOp, operation Mode is: PCIN+A:B.
DSP Report: operator plusOp is absorbed into DSP plusOp.
DSP Report: Generating DSP plusOp, operation Mode is: PCIN+(A*(B:0x3ff1d))'.
DSP Report: register cnt_reg[4] is absorbed into DSP plusOp.
DSP Report: operator plusOp is absorbed into DSP plusOp.
DSP Report: operator ARG is absorbed into DSP plusOp.
DSP Report: Generating DSP cnt_reg[3], operation Mode is: (A*(B:0x3ff66))'.
DSP Report: register cnt_reg[3] is absorbed into DSP cnt_reg[3].
DSP Report: operator ARG is absorbed into DSP cnt_reg[3].
DSP Report: Generating DSP plusOp, operation Mode is: PCIN+A:B.
DSP Report: operator plusOp is absorbed into DSP plusOp.
DSP Report: Generating DSP plusOp, operation Mode is: PCIN+(A*(B:0x3ffa0))'.
DSP Report: register cnt_reg[2] is absorbed into DSP plusOp.
DSP Report: operator plusOp is absorbed into DSP plusOp.
DSP Report: operator ARG is absorbed into DSP plusOp.
DSP Report: Generating DSP cnt_reg[1], operation Mode is: (A*(B:0x3ffbd))'.
DSP Report: register cnt_reg[1] is absorbed into DSP cnt_reg[1].
DSP Report: operator ARG is absorbed into DSP cnt_reg[1].
DSP Report: Generating DSP plusOp, operation Mode is: PCIN+A:B.
DSP Report: operator plusOp is absorbed into DSP plusOp.
---------------------------------------------------------------------------------
Finished Cross Boundary and Area Optimization : Time (s): cpu = 00:00:20 ; elapsed = 00:00:22 . Memory (MB): peak = 756.762 ; gain = 495.277
---------------------------------------------------------------------------------
---------------------------------------------------------------------------------
Start ROM, RAM, DSP and Shift Register Reporting
---------------------------------------------------------------------------------

DSP: Preliminary Mapping  Report (see note below)
+--------------+-----------------------+--------+--------+--------+--------+--------+------+------+------+------+-------+------+------+
|Module Name   | DSP Mapping           | A Size | B Size | C Size | D Size | P Size | AREG | BREG | CREG | DREG | ADREG | MREG | PREG | 
+--------------+-----------------------+--------+--------+--------+--------+--------+------+------+------+------+-------+------+------+
|fir_filter_s2 | (A*(B:0x3ffbd))'      | 12     | 8      | -      | -      | 20     | 0    | 0    | -    | -    | -     | 1    | 0    | 
|fir_filter_s2 | (A*(B:0x3ffa0))'      | 12     | 8      | -      | -      | 20     | 0    | 0    | -    | -    | -     | 1    | 0    | 
|fir_filter_s2 | PCIN+A:B+C            | 16     | 18     | 34     | -      | -1     | 0    | 0    | 0    | -    | -     | 0    | 0    | 
|fir_filter_s2 | PCIN+(A*(B:0x3ff66))' | 12     | 9      | -      | -      | 34     | 0    | 0    | -    | -    | -     | 1    | 0    | 
|fir_filter_s2 | (A*(B:0x3ff1d))'      | 12     | 9      | -      | -      | 21     | 0    | 0    | -    | -    | -     | 1    | 0    | 
|fir_filter_s2 | PCIN+A:B              | 16     | 18     | -      | -      | -1     | 0    | 0    | -    | -    | -     | 0    | 0    | 
|fir_filter_s2 | PCIN+(A*(B:0x3fecb))' | 12     | 10     | -      | -      | 34     | 0    | 0    | -    | -    | -     | 1    | 0    | 
|fir_filter_s2 | (A*(B:0x3fe75))'      | 12     | 10     | -      | -      | 22     | 0    | 0    | -    | -    | -     | 1    | 0    | 
|fir_filter_s2 | PCIN+A:B              | 16     | 18     | -      | -      | -1     | 0    | 0    | -    | -    | -     | 0    | 0    | 
|fir_filter_s2 | PCIN+(A*(B:0x3fe26))' | 12     | 10     | -      | -      | 34     | 0    | 0    | -    | -    | -     | 1    | 0    | 
|fir_filter_s2 | (A*(B:0x3fde9))'      | 12     | 11     | -      | -      | 23     | 0    | 0    | -    | -    | -     | 1    | 0    | 
|fir_filter_s2 | PCIN+A:B              | 16     | 18     | -      | -      | -1     | 0    | 0    | -    | -    | -     | 0    | 0    | 
|fir_filter_s2 | PCIN+(A*(B:0x3fdcb))' | 12     | 11     | -      | -      | 34     | 0    | 0    | -    | -    | -     | 1    | 0    | 
|fir_filter_s2 | (A*(B:0x3fddb))'      | 12     | 11     | -      | -      | 23     | 0    | 0    | -    | -    | -     | 1    | 0    | 
|fir_filter_s2 | PCIN+A:B              | 16     | 18     | -      | -      | -1     | 0    | 0    | -    | -    | -     | 0    | 0    | 
|fir_filter_s2 | PCIN+(A*(B:0x3fe28))' | 12     | 10     | -      | -      | 34     | 0    | 0    | -    | -    | -     | 1    | 0    | 
|fir_filter_s2 | (A*(B:0x3febe))'      | 12     | 10     | -      | -      | 22     | 0    | 0    | -    | -    | -     | 1    | 0    | 
|fir_filter_s2 | PCIN+A:B              | 16     | 18     | -      | -      | -1     | 0    | 0    | -    | -    | -     | 0    | 0    | 
|fir_filter_s2 | PCIN+(A*(B:0x3ffa6))' | 12     | 8      | -      | -      | 34     | 0    | 0    | -    | -    | -     | 1    | 0    | 
|fir_filter_s2 | (A*(B:0xe6))'         | 12     | 9      | -      | -      | 21     | 0    | 0    | -    | -    | -     | 1    | 0    | 
|fir_filter_s2 | PCIN+A:B              | 16     | 18     | -      | -      | -1     | 0    | 0    | -    | -    | -     | 0    | 0    | 
|fir_filter_s2 | PCIN+(A*(B:0x27c))'   | 12     | 11     | -      | -      | 34     | 0    | 0    | -    | -    | -     | 1    | 0    | 
|fir_filter_s2 | (A*(B:0x461))'        | 12     | 12     | -      | -      | 24     | 0    | 0    | -    | -    | -     | 1    | 0    | 
|fir_filter_s2 | PCIN+A:B              | 16     | 18     | -      | -      | -1     | 0    | 0    | -    | -    | -     | 0    | 0    | 
|fir_filter_s2 | PCIN+(A*(B:0x688))'   | 12     | 12     | -      | -      | 34     | 0    | 0    | -    | -    | -     | 1    | 0    | 
|fir_filter_s2 | ((A:0x8dd)*B)'        | 12     | 13     | -      | -      | 25     | 0    | 0    | -    | -    | -     | 1    | 0    | 
|fir_filter_s2 | PCIN+A:B              | 16     | 18     | -      | -      | -1     | 0    | 0    | -    | -    | -     | 0    | 0    | 
|fir_filter_s2 | PCIN+((A:0xb47)*B)'   | 13     | 12     | -      | -      | 34     | 0    | 0    | -    | -    | -     | 1    | 0    | 
|fir_filter_s2 | ((A:0xda8)*B)'        | 12     | 13     | -      | -      | 25     | 0    | 0    | -    | -    | -     | 1    | 0    | 
|fir_filter_s2 | PCIN+A:B              | 16     | 18     | -      | -      | -1     | 0    | 0    | -    | -    | -     | 0    | 0    | 
|fir_filter_s2 | PCIN+((A:0xfe2)*B)'   | 13     | 12     | -      | -      | 34     | 0    | 0    | -    | -    | -     | 1    | 0    | 
|fir_filter_s2 | ((A:0x11d6)*B)'       | 12     | 14     | -      | -      | 26     | 0    | 0    | -    | -    | -     | 1    | 0    | 
|fir_filter_s2 | PCIN+A:B              | 16     | 18     | -      | -      | -1     | 0    | 0    | -    | -    | -     | 0    | 0    | 
|fir_filter_s2 | PCIN+((A:0x1369)*B)'  | 14     | 12     | -      | -      | 34     | 0    | 0    | -    | -    | -     | 1    | 0    | 
|fir_filter_s2 | ((A:0x1484)*B)'       | 12     | 14     | -      | -      | 26     | 0    | 0    | -    | -    | -     | 1    | 0    | 
|fir_filter_s2 | PCIN+A:B              | 16     | 18     | -      | -      | -1     | 0    | 0    | -    | -    | -     | 0    | 0    | 
|fir_filter_s2 | PCIN+((A:0x1516)*B)'  | 14     | 12     | -      | -      | 34     | 0    | 0    | -    | -    | -     | 1    | 0    | 
|fir_filter_s2 | ((A:0x1516)*B)'       | 12     | 14     | -      | -      | 26     | 0    | 0    | -    | -    | -     | 1    | 0    | 
|fir_filter_s2 | PCIN+A:B              | 16     | 18     | -      | -      | -1     | 0    | 0    | -    | -    | -     | 0    | 0    | 
|fir_filter_s2 | PCIN+((A:0x1484)*B)'  | 14     | 12     | -      | -      | 34     | 0    | 0    | -    | -    | -     | 1    | 0    | 
|fir_filter_s2 | ((A:0x1369)*B)'       | 12     | 14     | -      | -      | 26     | 0    | 0    | -    | -    | -     | 1    | 0    | 
|fir_filter_s2 | PCIN+A:B              | 16     | 18     | -      | -      | -1     | 0    | 0    | -    | -    | -     | 0    | 0    | 
|fir_filter_s2 | PCIN+((A:0x11d6)*B)'  | 14     | 12     | -      | -      | 34     | 0    | 0    | -    | -    | -     | 1    | 0    | 
|fir_filter_s2 | ((A:0xfe2)*B)'        | 12     | 13     | -      | -      | 25     | 0    | 0    | -    | -    | -     | 1    | 0    | 
|fir_filter_s2 | PCIN+A:B              | 16     | 18     | -      | -      | -1     | 0    | 0    | -    | -    | -     | 0    | 0    | 
|fir_filter_s2 | PCIN+((A:0xda8)*B)'   | 13     | 12     | -      | -      | 34     | 0    | 0    | -    | -    | -     | 1    | 0    | 
|fir_filter_s2 | ((A:0xb47)*B)'        | 12     | 13     | -      | -      | 25     | 0    | 0    | -    | -    | -     | 1    | 0    | 
|fir_filter_s2 | PCIN+A:B              | 16     | 18     | -      | -      | -1     | 0    | 0    | -    | -    | -     | 0    | 0    | 
|fir_filter_s2 | PCIN+((A:0x8dd)*B)'   | 13     | 12     | -      | -      | 34     | 0    | 0    | -    | -    | -     | 1    | 0    | 
|fir_filter_s2 | (A*(B:0x688))'        | 12     | 12     | -      | -      | 24     | 0    | 0    | -    | -    | -     | 1    | 0    | 
|fir_filter_s2 | PCIN+A:B              | 16     | 18     | -      | -      | -1     | 0    | 0    | -    | -    | -     | 0    | 0    | 
|fir_filter_s2 | PCIN+(A*(B:0x461))'   | 12     | 12     | -      | -      | 34     | 0    | 0    | -    | -    | -     | 1    | 0    | 
|fir_filter_s2 | (A*(B:0x27c))'        | 12     | 11     | -      | -      | 23     | 0    | 0    | -    | -    | -     | 1    | 0    | 
|fir_filter_s2 | PCIN+A:B              | 16     | 18     | -      | -      | -1     | 0    | 0    | -    | -    | -     | 0    | 0    | 
|fir_filter_s2 | PCIN+(A*(B:0xe6))'    | 12     | 9      | -      | -      | 34     | 0    | 0    | -    | -    | -     | 1    | 0    | 
|fir_filter_s2 | (A*(B:0x3ffa6))'      | 12     | 8      | -      | -      | 20     | 0    | 0    | -    | -    | -     | 1    | 0    | 
|fir_filter_s2 | PCIN+A:B              | 16     | 18     | -      | -      | -1     | 0    | 0    | -    | -    | -     | 0    | 0    | 
|fir_filter_s2 | PCIN+(A*(B:0x3febe))' | 12     | 10     | -      | -      | 34     | 0    | 0    | -    | -    | -     | 1    | 0    | 
|fir_filter_s2 | (A*(B:0x3fe28))'      | 12     | 10     | -      | -      | 22     | 0    | 0    | -    | -    | -     | 1    | 0    | 
|fir_filter_s2 | PCIN+A:B              | 16     | 18     | -      | -      | -1     | 0    | 0    | -    | -    | -     | 0    | 0    | 
|fir_filter_s2 | PCIN+(A*(B:0x3fddb))' | 12     | 11     | -      | -      | 34     | 0    | 0    | -    | -    | -     | 1    | 0    | 
|fir_filter_s2 | (A*(B:0x3fdcb))'      | 12     | 11     | -      | -      | 23     | 0    | 0    | -    | -    | -     | 1    | 0    | 
|fir_filter_s2 | PCIN+A:B              | 16     | 18     | -      | -      | -1     | 0    | 0    | -    | -    | -     | 0    | 0    | 
|fir_filter_s2 | PCIN+(A*(B:0x3fde9))' | 12     | 11     | -      | -      | 34     | 0    | 0    | -    | -    | -     | 1    | 0    | 
|fir_filter_s2 | (A*(B:0x3fe26))'      | 12     | 10     | -      | -      | 22     | 0    | 0    | -    | -    | -     | 1    | 0    | 
|fir_filter_s2 | PCIN+A:B              | 16     | 18     | -      | -      | -1     | 0    | 0    | -    | -    | -     | 0    | 0    | 
|fir_filter_s2 | PCIN+(A*(B:0x3fe75))' | 12     | 10     | -      | -      | 34     | 0    | 0    | -    | -    | -     | 1    | 0    | 
|fir_filter_s2 | (A*(B:0x3fecb))'      | 12     | 10     | -      | -      | 22     | 0    | 0    | -    | -    | -     | 1    | 0    | 
|fir_filter_s2 | PCIN+A:B              | 16     | 18     | -      | -      | -1     | 0    | 0    | -    | -    | -     | 0    | 0    | 
|fir_filter_s2 | PCIN+(A*(B:0x3ff1d))' | 12     | 9      | -      | -      | 34     | 0    | 0    | -    | -    | -     | 1    | 0    | 
|fir_filter_s2 | (A*(B:0x3ff66))'      | 12     | 9      | -      | -      | 21     | 0    | 0    | -    | -    | -     | 1    | 0    | 
|fir_filter_s2 | PCIN+A:B              | 16     | 18     | -      | -      | -1     | 0    | 0    | -    | -    | -     | 0    | 0    | 
|fir_filter_s2 | PCIN+(A*(B:0x3ffa0))' | 12     | 8      | -      | -      | 34     | 0    | 0    | -    | -    | -     | 1    | 0    | 
|fir_filter_s2 | (A*(B:0x3ffbd))'      | 12     | 8      | -      | -      | 20     | 0    | 0    | -    | -    | -     | 1    | 0    | 
|fir_filter_s2 | PCIN+A:B              | 16     | 18     | -      | -      | -1     | 0    | 0    | -    | -    | -     | 0    | 0    | 
+--------------+-----------------------+--------+--------+--------+--------+--------+------+------+------+------+-------+------+------+

Note: The table above is a preliminary report that shows the DSPs inferred at the current stage of the synthesis flow. Some DSP may be reimplemented as non DSP primitives later in the synthesis flow. Multiple instantiated DSPs are reported only once.
---------------------------------------------------------------------------------
Finished ROM, RAM, DSP and Shift Register Reporting
---------------------------------------------------------------------------------
INFO: [Synth 8-5844] Detected registers with asynchronous reset at DSP/BRAM block boundary. Consider using synchronous reset for optimal packing [D:/Documents/Digital_System_Design_Lab/Project/Code/VHDL/final_project/final_project.srcs/sources_1/new/fir_filter_s2.vhd:85]
INFO: [Synth 8-5844] Detected registers with asynchronous reset at DSP/BRAM block boundary. Consider using synchronous reset for optimal packing [D:/Documents/Digital_System_Design_Lab/Project/Code/VHDL/final_project/final_project.srcs/sources_1/new/fir_filter_s2.vhd:85]
INFO: [Synth 8-5844] Detected registers with asynchronous reset at DSP/BRAM block boundary. Consider using synchronous reset for optimal packing [D:/Documents/Digital_System_Design_Lab/Project/Code/VHDL/final_project/final_project.srcs/sources_1/new/fir_filter_s2.vhd:85]
INFO: [Synth 8-5844] Detected registers with asynchronous reset at DSP/BRAM block boundary. Consider using synchronous reset for optimal packing [D:/Documents/Digital_System_Design_Lab/Project/Code/VHDL/final_project/final_project.srcs/sources_1/new/fir_filter_s2.vhd:85]
INFO: [Synth 8-5844] Detected registers with asynchronous reset at DSP/BRAM block boundary. Consider using synchronous reset for optimal packing [D:/Documents/Digital_System_Design_Lab/Project/Code/VHDL/final_project/final_project.srcs/sources_1/new/fir_filter_s2.vhd:85]
INFO: [Synth 8-5844] Detected registers with asynchronous reset at DSP/BRAM block boundary. Consider using synchronous reset for optimal packing [D:/Documents/Digital_System_Design_Lab/Project/Code/VHDL/final_project/final_project.srcs/sources_1/new/fir_filter_s2.vhd:85]
INFO: [Synth 8-5844] Detected registers with asynchronous reset at DSP/BRAM block boundary. Consider using synchronous reset for optimal packing [D:/Documents/Digital_System_Design_Lab/Project/Code/VHDL/final_project/final_project.srcs/sources_1/new/fir_filter_s2.vhd:85]
INFO: [Synth 8-5844] Detected registers with asynchronous reset at DSP/BRAM block boundary. Consider using synchronous reset for optimal packing [D:/Documents/Digital_System_Design_Lab/Project/Code/VHDL/final_project/final_project.srcs/sources_1/new/fir_filter_s2.vhd:85]
INFO: [Synth 8-5844] Detected registers with asynchronous reset at DSP/BRAM block boundary. Consider using synchronous reset for optimal packing [D:/Documents/Digital_System_Design_Lab/Project/Code/VHDL/final_project/final_project.srcs/sources_1/new/fir_filter_s2.vhd:85]
INFO: [Synth 8-5844] Detected registers with asynchronous reset at DSP/BRAM block boundary. Consider using synchronous reset for optimal packing [D:/Documents/Digital_System_Design_Lab/Project/Code/VHDL/final_project/final_project.srcs/sources_1/new/fir_filter_s2.vhd:85]
INFO: [Synth 8-5844] Detected registers with asynchronous reset at DSP/BRAM block boundary. Consider using synchronous reset for optimal packing [D:/Documents/Digital_System_Design_Lab/Project/Code/VHDL/final_project/final_project.srcs/sources_1/new/fir_filter_s2.vhd:85]
INFO: [Synth 8-5844] Detected registers with asynchronous reset at DSP/BRAM block boundary. Consider using synchronous reset for optimal packing [D:/Documents/Digital_System_Design_Lab/Project/Code/VHDL/final_project/final_project.srcs/sources_1/new/fir_filter_s2.vhd:85]
INFO: [Synth 8-5844] Detected registers with asynchronous reset at DSP/BRAM block boundary. Consider using synchronous reset for optimal packing [D:/Documents/Digital_System_Design_Lab/Project/Code/VHDL/final_project/final_project.srcs/sources_1/new/fir_filter_s2.vhd:85]
INFO: [Synth 8-5844] Detected registers with asynchronous reset at DSP/BRAM block boundary. Consider using synchronous reset for optimal packing [D:/Documents/Digital_System_Design_Lab/Project/Code/VHDL/final_project/final_project.srcs/sources_1/new/fir_filter_s2.vhd:85]
INFO: [Synth 8-5844] Detected registers with asynchronous reset at DSP/BRAM block boundary. Consider using synchronous reset for optimal packing [D:/Documents/Digital_System_Design_Lab/Project/Code/VHDL/final_project/final_project.srcs/sources_1/new/fir_filter_s2.vhd:85]
INFO: [Synth 8-5844] Detected registers with asynchronous reset at DSP/BRAM block boundary. Consider using synchronous reset for optimal packing [D:/Documents/Digital_System_Design_Lab/Project/Code/VHDL/final_project/final_project.srcs/sources_1/new/fir_filter_s2.vhd:85]
INFO: [Synth 8-5844] Detected registers with asynchronous reset at DSP/BRAM block boundary. Consider using synchronous reset for optimal packing [D:/Documents/Digital_System_Design_Lab/Project/Code/VHDL/final_project/final_project.srcs/sources_1/new/fir_filter_s2.vhd:85]
INFO: [Synth 8-5844] Detected registers with asynchronous reset at DSP/BRAM block boundary. Consider using synchronous reset for optimal packing [D:/Documents/Digital_System_Design_Lab/Project/Code/VHDL/final_project/final_project.srcs/sources_1/new/fir_filter_s2.vhd:85]
INFO: [Synth 8-5844] Detected registers with asynchronous reset at DSP/BRAM block boundary. Consider using synchronous reset for optimal packing [D:/Documents/Digital_System_Design_Lab/Project/Code/VHDL/final_project/final_project.srcs/sources_1/new/fir_filter_s2.vhd:85]
INFO: [Synth 8-5844] Detected registers with asynchronous reset at DSP/BRAM block boundary. Consider using synchronous reset for optimal packing [D:/Documents/Digital_System_Design_Lab/Project/Code/VHDL/final_project/final_project.srcs/sources_1/new/fir_filter_s2.vhd:85]
INFO: [Synth 8-5844] Detected registers with asynchronous reset at DSP/BRAM block boundary. Consider using synchronous reset for optimal packing [D:/Documents/Digital_System_Design_Lab/Project/Code/VHDL/final_project/final_project.srcs/sources_1/new/fir_filter_s2.vhd:85]
INFO: [Synth 8-5844] Detected registers with asynchronous reset at DSP/BRAM block boundary. Consider using synchronous reset for optimal packing [D:/Documents/Digital_System_Design_Lab/Project/Code/VHDL/final_project/final_project.srcs/sources_1/new/fir_filter_s2.vhd:85]
INFO: [Synth 8-5844] Detected registers with asynchronous reset at DSP/BRAM block boundary. Consider using synchronous reset for optimal packing [D:/Documents/Digital_System_Design_Lab/Project/Code/VHDL/final_project/final_project.srcs/sources_1/new/fir_filter_s2.vhd:85]
INFO: [Synth 8-5844] Detected registers with asynchronous reset at DSP/BRAM block boundary. Consider using synchronous reset for optimal packing [D:/Documents/Digital_System_Design_Lab/Project/Code/VHDL/final_project/final_project.srcs/sources_1/new/fir_filter_s2.vhd:85]
INFO: [Synth 8-5844] Detected registers with asynchronous reset at DSP/BRAM block boundary. Consider using synchronous reset for optimal packing [D:/Documents/Digital_System_Design_Lab/Project/Code/VHDL/final_project/final_project.srcs/sources_1/new/fir_filter_s2.vhd:85]
INFO: [Synth 8-5844] Detected registers with asynchronous reset at DSP/BRAM block boundary. Consider using synchronous reset for optimal packing [D:/Documents/Digital_System_Design_Lab/Project/Code/VHDL/final_project/final_project.srcs/sources_1/new/fir_filter_s2.vhd:85]
INFO: [Synth 8-5844] Detected registers with asynchronous reset at DSP/BRAM block boundary. Consider using synchronous reset for optimal packing [D:/Documents/Digital_System_Design_Lab/Project/Code/VHDL/final_project/final_project.srcs/sources_1/new/fir_filter_s2.vhd:85]
INFO: [Synth 8-5844] Detected registers with asynchronous reset at DSP/BRAM block boundary. Consider using synchronous reset for optimal packing [D:/Documents/Digital_System_Design_Lab/Project/Code/VHDL/final_project/final_project.srcs/sources_1/new/fir_filter_s2.vhd:85]
INFO: [Synth 8-5844] Detected registers with asynchronous reset at DSP/BRAM block boundary. Consider using synchronous reset for optimal packing [D:/Documents/Digital_System_Design_Lab/Project/Code/VHDL/final_project/final_project.srcs/sources_1/new/fir_filter_s2.vhd:85]
INFO: [Synth 8-5844] Detected registers with asynchronous reset at DSP/BRAM block boundary. Consider using synchronous reset for optimal packing [D:/Documents/Digital_System_Design_Lab/Project/Code/VHDL/final_project/final_project.srcs/sources_1/new/fir_filter_s2.vhd:85]
INFO: [Synth 8-5844] Detected registers with asynchronous reset at DSP/BRAM block boundary. Consider using synchronous reset for optimal packing [D:/Documents/Digital_System_Design_Lab/Project/Code/VHDL/final_project/final_project.srcs/sources_1/new/fir_filter_s2.vhd:85]
INFO: [Synth 8-5844] Detected registers with asynchronous reset at DSP/BRAM block boundary. Consider using synchronous reset for optimal packing [D:/Documents/Digital_System_Design_Lab/Project/Code/VHDL/final_project/final_project.srcs/sources_1/new/fir_filter_s2.vhd:85]
INFO: [Synth 8-5844] Detected registers with asynchronous reset at DSP/BRAM block boundary. Consider using synchronous reset for optimal packing [D:/Documents/Digital_System_Design_Lab/Project/Code/VHDL/final_project/final_project.srcs/sources_1/new/fir_filter_s2.vhd:85]
INFO: [Synth 8-5844] Detected registers with asynchronous reset at DSP/BRAM block boundary. Consider using synchronous reset for optimal packing [D:/Documents/Digital_System_Design_Lab/Project/Code/VHDL/final_project/final_project.srcs/sources_1/new/fir_filter_s2.vhd:85]
INFO: [Synth 8-5844] Detected registers with asynchronous reset at DSP/BRAM block boundary. Consider using synchronous reset for optimal packing [D:/Documents/Digital_System_Design_Lab/Project/Code/VHDL/final_project/final_project.srcs/sources_1/new/fir_filter_s2.vhd:85]
INFO: [Synth 8-5844] Detected registers with asynchronous reset at DSP/BRAM block boundary. Consider using synchronous reset for optimal packing [D:/Documents/Digital_System_Design_Lab/Project/Code/VHDL/final_project/final_project.srcs/sources_1/new/fir_filter_s2.vhd:85]
INFO: [Synth 8-5844] Detected registers with asynchronous reset at DSP/BRAM block boundary. Consider using synchronous reset for optimal packing [D:/Documents/Digital_System_Design_Lab/Project/Code/VHDL/final_project/final_project.srcs/sources_1/new/fir_filter_s2.vhd:85]
INFO: [Synth 8-5844] Detected registers with asynchronous reset at DSP/BRAM block boundary. Consider using synchronous reset for optimal packing [D:/Documents/Digital_System_Design_Lab/Project/Code/VHDL/final_project/final_project.srcs/sources_1/new/fir_filter_s2.vhd:85]
INFO: [Synth 8-5844] Detected registers with asynchronous reset at DSP/BRAM block boundary. Consider using synchronous reset for optimal packing [D:/Documents/Digital_System_Design_Lab/Project/Code/VHDL/final_project/final_project.srcs/sources_1/new/fir_filter_s2.vhd:85]
INFO: [Synth 8-5844] Detected registers with asynchronous reset at DSP/BRAM block boundary. Consider using synchronous reset for optimal packing [D:/Documents/Digital_System_Design_Lab/Project/Code/VHDL/final_project/final_project.srcs/sources_1/new/fir_filter_s2.vhd:85]
INFO: [Synth 8-5844] Detected registers with asynchronous reset at DSP/BRAM block boundary. Consider using synchronous reset for optimal packing [D:/Documents/Digital_System_Design_Lab/Project/Code/VHDL/final_project/final_project.srcs/sources_1/new/fir_filter_s2.vhd:85]
INFO: [Synth 8-5844] Detected registers with asynchronous reset at DSP/BRAM block boundary. Consider using synchronous reset for optimal packing [D:/Documents/Digital_System_Design_Lab/Project/Code/VHDL/final_project/final_project.srcs/sources_1/new/fir_filter_s2.vhd:85]
INFO: [Synth 8-5844] Detected registers with asynchronous reset at DSP/BRAM block boundary. Consider using synchronous reset for optimal packing [D:/Documents/Digital_System_Design_Lab/Project/Code/VHDL/final_project/final_project.srcs/sources_1/new/fir_filter_s2.vhd:85]
INFO: [Synth 8-5844] Detected registers with asynchronous reset at DSP/BRAM block boundary. Consider using synchronous reset for optimal packing [D:/Documents/Digital_System_Design_Lab/Project/Code/VHDL/final_project/final_project.srcs/sources_1/new/fir_filter_s2.vhd:85]
INFO: [Synth 8-5844] Detected registers with asynchronous reset at DSP/BRAM block boundary. Consider using synchronous reset for optimal packing [D:/Documents/Digital_System_Design_Lab/Project/Code/VHDL/final_project/final_project.srcs/sources_1/new/fir_filter_s2.vhd:85]
INFO: [Synth 8-5844] Detected registers with asynchronous reset at DSP/BRAM block boundary. Consider using synchronous reset for optimal packing [D:/Documents/Digital_System_Design_Lab/Project/Code/VHDL/final_project/final_project.srcs/sources_1/new/fir_filter_s2.vhd:85]
INFO: [Synth 8-5844] Detected registers with asynchronous reset at DSP/BRAM block boundary. Consider using synchronous reset for optimal packing [D:/Documents/Digital_System_Design_Lab/Project/Code/VHDL/final_project/final_project.srcs/sources_1/new/fir_filter_s2.vhd:85]
INFO: [Synth 8-5844] Detected registers with asynchronous reset at DSP/BRAM block boundary. Consider using synchronous reset for optimal packing [D:/Documents/Digital_System_Design_Lab/Project/Code/VHDL/final_project/final_project.srcs/sources_1/new/fir_filter_s2.vhd:85]
INFO: [Synth 8-5844] Detected registers with asynchronous reset at DSP/BRAM block boundary. Consider using synchronous reset for optimal packing [D:/Documents/Digital_System_Design_Lab/Project/Code/VHDL/final_project/final_project.srcs/sources_1/new/fir_filter_s2.vhd:85]
INFO: [Synth 8-5844] Detected registers with asynchronous reset at DSP/BRAM block boundary. Consider using synchronous reset for optimal packing [D:/Documents/Digital_System_Design_Lab/Project/Code/VHDL/final_project/final_project.srcs/sources_1/new/fir_filter_s2.vhd:85]

Report RTL Partitions: 
+-+--------------+------------+----------+
| |RTL Partition |Replication |Instances |
+-+--------------+------------+----------+
+-+--------------+------------+----------+
---------------------------------------------------------------------------------
Start Applying XDC Timing Constraints
---------------------------------------------------------------------------------
---------------------------------------------------------------------------------
Finished Applying XDC Timing Constraints : Time (s): cpu = 00:00:38 ; elapsed = 00:00:41 . Memory (MB): peak = 793.727 ; gain = 532.242
---------------------------------------------------------------------------------
---------------------------------------------------------------------------------
Start Timing Optimization
---------------------------------------------------------------------------------
---------------------------------------------------------------------------------
Finished Timing Optimization : Time (s): cpu = 00:00:42 ; elapsed = 00:00:45 . Memory (MB): peak = 808.402 ; gain = 546.918
---------------------------------------------------------------------------------

Report RTL Partitions: 
+-+--------------+------------+----------+
| |RTL Partition |Replication |Instances |
+-+--------------+------------+----------+
+-+--------------+------------+----------+
---------------------------------------------------------------------------------
Start Technology Mapping
---------------------------------------------------------------------------------
INFO: [Synth 8-5844] Detected registers with asynchronous reset at DSP/BRAM block boundary. Consider using synchronous reset for optimal packing [D:/Documents/Digital_System_Design_Lab/Project/Code/VHDL/final_project/final_project.srcs/sources_1/new/fir_filter_s2.vhd:85]
INFO: [Synth 8-5844] Detected registers with asynchronous reset at DSP/BRAM block boundary. Consider using synchronous reset for optimal packing [D:/Documents/Digital_System_Design_Lab/Project/Code/VHDL/final_project/final_project.srcs/sources_1/new/fir_filter_s2.vhd:85]
INFO: [Synth 8-5844] Detected registers with asynchronous reset at DSP/BRAM block boundary. Consider using synchronous reset for optimal packing [D:/Documents/Digital_System_Design_Lab/Project/Code/VHDL/final_project/final_project.srcs/sources_1/new/fir_filter_s2.vhd:85]
INFO: [Synth 8-5844] Detected registers with asynchronous reset at DSP/BRAM block boundary. Consider using synchronous reset for optimal packing [D:/Documents/Digital_System_Design_Lab/Project/Code/VHDL/final_project/final_project.srcs/sources_1/new/fir_filter_s2.vhd:85]
INFO: [Synth 8-5844] Detected registers with asynchronous reset at DSP/BRAM block boundary. Consider using synchronous reset for optimal packing [D:/Documents/Digital_System_Design_Lab/Project/Code/VHDL/final_project/final_project.srcs/sources_1/new/fir_filter_s2.vhd:85]
INFO: [Synth 8-5844] Detected registers with asynchronous reset at DSP/BRAM block boundary. Consider using synchronous reset for optimal packing [D:/Documents/Digital_System_Design_Lab/Project/Code/VHDL/final_project/final_project.srcs/sources_1/new/fir_filter_s2.vhd:85]
INFO: [Synth 8-5844] Detected registers with asynchronous reset at DSP/BRAM block boundary. Consider using synchronous reset for optimal packing [D:/Documents/Digital_System_Design_Lab/Project/Code/VHDL/final_project/final_project.srcs/sources_1/new/fir_filter_s2.vhd:85]
INFO: [Synth 8-5844] Detected registers with asynchronous reset at DSP/BRAM block boundary. Consider using synchronous reset for optimal packing [D:/Documents/Digital_System_Design_Lab/Project/Code/VHDL/final_project/final_project.srcs/sources_1/new/fir_filter_s2.vhd:85]
INFO: [Synth 8-5844] Detected registers with asynchronous reset at DSP/BRAM block boundary. Consider using synchronous reset for optimal packing [D:/Documents/Digital_System_Design_Lab/Project/Code/VHDL/final_project/final_project.srcs/sources_1/new/fir_filter_s2.vhd:85]
INFO: [Synth 8-5844] Detected registers with asynchronous reset at DSP/BRAM block boundary. Consider using synchronous reset for optimal packing [D:/Documents/Digital_System_Design_Lab/Project/Code/VHDL/final_project/final_project.srcs/sources_1/new/fir_filter_s2.vhd:85]
INFO: [Synth 8-5844] Detected registers with asynchronous reset at DSP/BRAM block boundary. Consider using synchronous reset for optimal packing [D:/Documents/Digital_System_Design_Lab/Project/Code/VHDL/final_project/final_project.srcs/sources_1/new/fir_filter_s2.vhd:85]
INFO: [Synth 8-5844] Detected registers with asynchronous reset at DSP/BRAM block boundary. Consider using synchronous reset for optimal packing [D:/Documents/Digital_System_Design_Lab/Project/Code/VHDL/final_project/final_project.srcs/sources_1/new/fir_filter_s2.vhd:85]
INFO: [Synth 8-5844] Detected registers with asynchronous reset at DSP/BRAM block boundary. Consider using synchronous reset for optimal packing [D:/Documents/Digital_System_Design_Lab/Project/Code/VHDL/final_project/final_project.srcs/sources_1/new/fir_filter_s2.vhd:85]
INFO: [Synth 8-5844] Detected registers with asynchronous reset at DSP/BRAM block boundary. Consider using synchronous reset for optimal packing [D:/Documents/Digital_System_Design_Lab/Project/Code/VHDL/final_project/final_project.srcs/sources_1/new/fir_filter_s2.vhd:85]
INFO: [Synth 8-5844] Detected registers with asynchronous reset at DSP/BRAM block boundary. Consider using synchronous reset for optimal packing [D:/Documents/Digital_System_Design_Lab/Project/Code/VHDL/final_project/final_project.srcs/sources_1/new/fir_filter_s2.vhd:85]
INFO: [Synth 8-5844] Detected registers with asynchronous reset at DSP/BRAM block boundary. Consider using synchronous reset for optimal packing [D:/Documents/Digital_System_Design_Lab/Project/Code/VHDL/final_project/final_project.srcs/sources_1/new/fir_filter_s2.vhd:85]
INFO: [Synth 8-5844] Detected registers with asynchronous reset at DSP/BRAM block boundary. Consider using synchronous reset for optimal packing [D:/Documents/Digital_System_Design_Lab/Project/Code/VHDL/final_project/final_project.srcs/sources_1/new/fir_filter_s2.vhd:85]
INFO: [Synth 8-5844] Detected registers with asynchronous reset at DSP/BRAM block boundary. Consider using synchronous reset for optimal packing [D:/Documents/Digital_System_Design_Lab/Project/Code/VHDL/final_project/final_project.srcs/sources_1/new/fir_filter_s2.vhd:85]
INFO: [Synth 8-5844] Detected registers with asynchronous reset at DSP/BRAM block boundary. Consider using synchronous reset for optimal packing [D:/Documents/Digital_System_Design_Lab/Project/Code/VHDL/final_project/final_project.srcs/sources_1/new/fir_filter_s2.vhd:85]
INFO: [Synth 8-5844] Detected registers with asynchronous reset at DSP/BRAM block boundary. Consider using synchronous reset for optimal packing [D:/Documents/Digital_System_Design_Lab/Project/Code/VHDL/final_project/final_project.srcs/sources_1/new/fir_filter_s2.vhd:85]
INFO: [Synth 8-5844] Detected registers with asynchronous reset at DSP/BRAM block boundary. Consider using synchronous reset for optimal packing [D:/Documents/Digital_System_Design_Lab/Project/Code/VHDL/final_project/final_project.srcs/sources_1/new/fir_filter_s2.vhd:85]
INFO: [Synth 8-5844] Detected registers with asynchronous reset at DSP/BRAM block boundary. Consider using synchronous reset for optimal packing [D:/Documents/Digital_System_Design_Lab/Project/Code/VHDL/final_project/final_project.srcs/sources_1/new/fir_filter_s2.vhd:85]
INFO: [Synth 8-5844] Detected registers with asynchronous reset at DSP/BRAM block boundary. Consider using synchronous reset for optimal packing [D:/Documents/Digital_System_Design_Lab/Project/Code/VHDL/final_project/final_project.srcs/sources_1/new/fir_filter_s2.vhd:85]
INFO: [Synth 8-5844] Detected registers with asynchronous reset at DSP/BRAM block boundary. Consider using synchronous reset for optimal packing [D:/Documents/Digital_System_Design_Lab/Project/Code/VHDL/final_project/final_project.srcs/sources_1/new/fir_filter_s2.vhd:85]
INFO: [Synth 8-5844] Detected registers with asynchronous reset at DSP/BRAM block boundary. Consider using synchronous reset for optimal packing [D:/Documents/Digital_System_Design_Lab/Project/Code/VHDL/final_project/final_project.srcs/sources_1/new/fir_filter_s2.vhd:85]
INFO: [Synth 8-5844] Detected registers with asynchronous reset at DSP/BRAM block boundary. Consider using synchronous reset for optimal packing [D:/Documents/Digital_System_Design_Lab/Project/Code/VHDL/final_project/final_project.srcs/sources_1/new/fir_filter_s2.vhd:85]
INFO: [Synth 8-5844] Detected registers with asynchronous reset at DSP/BRAM block boundary. Consider using synchronous reset for optimal packing [D:/Documents/Digital_System_Design_Lab/Project/Code/VHDL/final_project/final_project.srcs/sources_1/new/fir_filter_s2.vhd:85]
INFO: [Synth 8-5844] Detected registers with asynchronous reset at DSP/BRAM block boundary. Consider using synchronous reset for optimal packing [D:/Documents/Digital_System_Design_Lab/Project/Code/VHDL/final_project/final_project.srcs/sources_1/new/fir_filter_s2.vhd:85]
INFO: [Synth 8-5844] Detected registers with asynchronous reset at DSP/BRAM block boundary. Consider using synchronous reset for optimal packing [D:/Documents/Digital_System_Design_Lab/Project/Code/VHDL/final_project/final_project.srcs/sources_1/new/fir_filter_s2.vhd:85]
INFO: [Synth 8-5844] Detected registers with asynchronous reset at DSP/BRAM block boundary. Consider using synchronous reset for optimal packing [D:/Documents/Digital_System_Design_Lab/Project/Code/VHDL/final_project/final_project.srcs/sources_1/new/fir_filter_s2.vhd:85]
INFO: [Synth 8-5844] Detected registers with asynchronous reset at DSP/BRAM block boundary. Consider using synchronous reset for optimal packing [D:/Documents/Digital_System_Design_Lab/Project/Code/VHDL/final_project/final_project.srcs/sources_1/new/fir_filter_s2.vhd:85]
INFO: [Synth 8-5844] Detected registers with asynchronous reset at DSP/BRAM block boundary. Consider using synchronous reset for optimal packing [D:/Documents/Digital_System_Design_Lab/Project/Code/VHDL/final_project/final_project.srcs/sources_1/new/fir_filter_s2.vhd:85]
INFO: [Synth 8-5844] Detected registers with asynchronous reset at DSP/BRAM block boundary. Consider using synchronous reset for optimal packing [D:/Documents/Digital_System_Design_Lab/Project/Code/VHDL/final_project/final_project.srcs/sources_1/new/fir_filter_s2.vhd:85]
INFO: [Synth 8-5844] Detected registers with asynchronous reset at DSP/BRAM block boundary. Consider using synchronous reset for optimal packing [D:/Documents/Digital_System_Design_Lab/Project/Code/VHDL/final_project/final_project.srcs/sources_1/new/fir_filter_s2.vhd:85]
INFO: [Synth 8-5844] Detected registers with asynchronous reset at DSP/BRAM block boundary. Consider using synchronous reset for optimal packing [D:/Documents/Digital_System_Design_Lab/Project/Code/VHDL/final_project/final_project.srcs/sources_1/new/fir_filter_s2.vhd:85]
INFO: [Synth 8-5844] Detected registers with asynchronous reset at DSP/BRAM block boundary. Consider using synchronous reset for optimal packing [D:/Documents/Digital_System_Design_Lab/Project/Code/VHDL/final_project/final_project.srcs/sources_1/new/fir_filter_s2.vhd:85]
INFO: [Synth 8-5844] Detected registers with asynchronous reset at DSP/BRAM block boundary. Consider using synchronous reset for optimal packing [D:/Documents/Digital_System_Design_Lab/Project/Code/VHDL/final_project/final_project.srcs/sources_1/new/fir_filter_s2.vhd:85]
INFO: [Synth 8-5844] Detected registers with asynchronous reset at DSP/BRAM block boundary. Consider using synchronous reset for optimal packing [D:/Documents/Digital_System_Design_Lab/Project/Code/VHDL/final_project/final_project.srcs/sources_1/new/fir_filter_s2.vhd:85]
INFO: [Synth 8-5844] Detected registers with asynchronous reset at DSP/BRAM block boundary. Consider using synchronous reset for optimal packing [D:/Documents/Digital_System_Design_Lab/Project/Code/VHDL/final_project/final_project.srcs/sources_1/new/fir_filter_s2.vhd:85]
INFO: [Synth 8-5844] Detected registers with asynchronous reset at DSP/BRAM block boundary. Consider using synchronous reset for optimal packing [D:/Documents/Digital_System_Design_Lab/Project/Code/VHDL/final_project/final_project.srcs/sources_1/new/fir_filter_s2.vhd:85]
INFO: [Synth 8-5844] Detected registers with asynchronous reset at DSP/BRAM block boundary. Consider using synchronous reset for optimal packing [D:/Documents/Digital_System_Design_Lab/Project/Code/VHDL/final_project/final_project.srcs/sources_1/new/fir_filter_s2.vhd:85]
INFO: [Synth 8-5844] Detected registers with asynchronous reset at DSP/BRAM block boundary. Consider using synchronous reset for optimal packing [D:/Documents/Digital_System_Design_Lab/Project/Code/VHDL/final_project/final_project.srcs/sources_1/new/fir_filter_s2.vhd:85]
INFO: [Synth 8-5844] Detected registers with asynchronous reset at DSP/BRAM block boundary. Consider using synchronous reset for optimal packing [D:/Documents/Digital_System_Design_Lab/Project/Code/VHDL/final_project/final_project.srcs/sources_1/new/fir_filter_s2.vhd:85]
INFO: [Synth 8-5844] Detected registers with asynchronous reset at DSP/BRAM block boundary. Consider using synchronous reset for optimal packing [D:/Documents/Digital_System_Design_Lab/Project/Code/VHDL/final_project/final_project.srcs/sources_1/new/fir_filter_s2.vhd:85]
INFO: [Synth 8-5844] Detected registers with asynchronous reset at DSP/BRAM block boundary. Consider using synchronous reset for optimal packing [D:/Documents/Digital_System_Design_Lab/Project/Code/VHDL/final_project/final_project.srcs/sources_1/new/fir_filter_s2.vhd:85]
INFO: [Synth 8-5844] Detected registers with asynchronous reset at DSP/BRAM block boundary. Consider using synchronous reset for optimal packing [D:/Documents/Digital_System_Design_Lab/Project/Code/VHDL/final_project/final_project.srcs/sources_1/new/fir_filter_s2.vhd:85]
INFO: [Synth 8-5844] Detected registers with asynchronous reset at DSP/BRAM block boundary. Consider using synchronous reset for optimal packing [D:/Documents/Digital_System_Design_Lab/Project/Code/VHDL/final_project/final_project.srcs/sources_1/new/fir_filter_s2.vhd:85]
INFO: [Synth 8-5844] Detected registers with asynchronous reset at DSP/BRAM block boundary. Consider using synchronous reset for optimal packing [D:/Documents/Digital_System_Design_Lab/Project/Code/VHDL/final_project/final_project.srcs/sources_1/new/fir_filter_s2.vhd:85]
INFO: [Synth 8-5844] Detected registers with asynchronous reset at DSP/BRAM block boundary. Consider using synchronous reset for optimal packing [D:/Documents/Digital_System_Design_Lab/Project/Code/VHDL/final_project/final_project.srcs/sources_1/new/fir_filter_s2.vhd:85]
INFO: [Synth 8-5844] Detected registers with asynchronous reset at DSP/BRAM block boundary. Consider using synchronous reset for optimal packing [D:/Documents/Digital_System_Design_Lab/Project/Code/VHDL/final_project/final_project.srcs/sources_1/new/fir_filter_s2.vhd:85]
INFO: [Common 17-14] Message 'Synth 8-5844' appears 100 times and further instances of the messages will be disabled. Use the Tcl command set_msg_config to change the current settings.
---------------------------------------------------------------------------------
Finished Technology Mapping : Time (s): cpu = 00:00:44 ; elapsed = 00:00:47 . Memory (MB): peak = 826.023 ; gain = 564.539
---------------------------------------------------------------------------------

Report RTL Partitions: 
+-+--------------+------------+----------+
| |RTL Partition |Replication |Instances |
+-+--------------+------------+----------+
+-+--------------+------------+----------+
---------------------------------------------------------------------------------
Start IO Insertion
---------------------------------------------------------------------------------
---------------------------------------------------------------------------------
Start Flattening Before IO Insertion
---------------------------------------------------------------------------------
---------------------------------------------------------------------------------
Finished Flattening Before IO Insertion
---------------------------------------------------------------------------------
---------------------------------------------------------------------------------
Start Final Netlist Cleanup
---------------------------------------------------------------------------------
---------------------------------------------------------------------------------
Finished Final Netlist Cleanup
---------------------------------------------------------------------------------
---------------------------------------------------------------------------------
Finished IO Insertion : Time (s): cpu = 00:00:46 ; elapsed = 00:00:49 . Memory (MB): peak = 826.023 ; gain = 564.539
---------------------------------------------------------------------------------

Report Check Netlist: 
+------+------------------+-------+---------+-------+------------------+
|      |Item              |Errors |Warnings |Status |Description       |
+------+------------------+-------+---------+-------+------------------+
|1     |multi_driven_nets |      0|        0|Passed |Multi driven nets |
+------+------------------+-------+---------+-------+------------------+
---------------------------------------------------------------------------------
Start Renaming Generated Instances
---------------------------------------------------------------------------------
---------------------------------------------------------------------------------
Finished Renaming Generated Instances : Time (s): cpu = 00:00:46 ; elapsed = 00:00:49 . Memory (MB): peak = 826.023 ; gain = 564.539
---------------------------------------------------------------------------------

Report RTL Partitions: 
+-+--------------+------------+----------+
| |RTL Partition |Replication |Instances |
+-+--------------+------------+----------+
+-+--------------+------------+----------+
---------------------------------------------------------------------------------
Start Rebuilding User Hierarchy
---------------------------------------------------------------------------------
---------------------------------------------------------------------------------
Finished Rebuilding User Hierarchy : Time (s): cpu = 00:00:49 ; elapsed = 00:00:52 . Memory (MB): peak = 826.023 ; gain = 564.539
---------------------------------------------------------------------------------
---------------------------------------------------------------------------------
Start Renaming Generated Ports
---------------------------------------------------------------------------------
---------------------------------------------------------------------------------
Finished Renaming Generated Ports : Time (s): cpu = 00:00:49 ; elapsed = 00:00:52 . Memory (MB): peak = 826.023 ; gain = 564.539
---------------------------------------------------------------------------------
---------------------------------------------------------------------------------
Start Handling Custom Attributes
---------------------------------------------------------------------------------
---------------------------------------------------------------------------------
Finished Handling Custom Attributes : Time (s): cpu = 00:00:49 ; elapsed = 00:00:52 . Memory (MB): peak = 826.023 ; gain = 564.539
---------------------------------------------------------------------------------
---------------------------------------------------------------------------------
Start Renaming Generated Nets
---------------------------------------------------------------------------------
---------------------------------------------------------------------------------
Finished Renaming Generated Nets : Time (s): cpu = 00:00:49 ; elapsed = 00:00:52 . Memory (MB): peak = 826.023 ; gain = 564.539
---------------------------------------------------------------------------------
---------------------------------------------------------------------------------
Start Writing Synthesis Report
---------------------------------------------------------------------------------

Report BlackBoxes: 
+-+--------------+----------+
| |BlackBox name |Instances |
+-+--------------+----------+
+-+--------------+----------+

Report Cell Usage: 
+------+----------+------+
|      |Cell      |Count |
+------+----------+------+
|1     |BUFG      |     1|
|2     |CARRY4    |    17|
|3     |DSP48E1   |    24|
|4     |DSP48E1_1 |     1|
|5     |DSP48E1_2 |    24|
|6     |DSP48E1_3 |    26|
|7     |LUT1      |    14|
|8     |LUT2      |    34|
|9     |FDCE      |   624|
|10    |FDRE      |    32|
|11    |IBUF      |    14|
|12    |OBUF      |    34|
+------+----------+------+

Report Instance Areas: 
+------+---------+-------+------+
|      |Instance |Module |Cells |
+------+---------+-------+------+
|1     |top      |       |   845|
+------+---------+-------+------+
---------------------------------------------------------------------------------
Finished Writing Synthesis Report : Time (s): cpu = 00:00:49 ; elapsed = 00:00:52 . Memory (MB): peak = 826.023 ; gain = 564.539
---------------------------------------------------------------------------------
Synthesis finished with 0 errors, 0 critical warnings and 0 warnings.
Synthesis Optimization Runtime : Time (s): cpu = 00:00:36 ; elapsed = 00:00:44 . Memory (MB): peak = 826.023 ; gain = 226.520
Synthesis Optimization Complete : Time (s): cpu = 00:00:49 ; elapsed = 00:00:52 . Memory (MB): peak = 826.023 ; gain = 564.539
INFO: [Project 1-571] Translating synthesized netlist
INFO: [Netlist 29-17] Analyzing 92 Unisim elements for replacement
INFO: [Netlist 29-28] Unisim Transformation completed in 0 CPU seconds
INFO: [Project 1-570] Preparing netlist for logic optimization
INFO: [Opt 31-138] Pushed 0 inverter(s) to 0 load pin(s).
Netlist sorting complete. Time (s): cpu = 00:00:00 ; elapsed = 00:00:00 . Memory (MB): peak = 826.023 ; gain = 0.000
INFO: [Project 1-111] Unisim Transformation Summary:
No Unisim elements were transformed.

INFO: [Common 17-83] Releasing license: Synthesis
114 Infos, 0 Warnings, 0 Critical Warnings and 0 Errors encountered.
synth_design completed successfully
synth_design: Time (s): cpu = 00:00:51 ; elapsed = 00:00:55 . Memory (MB): peak = 826.023 ; gain = 577.574
Netlist sorting complete. Time (s): cpu = 00:00:00 ; elapsed = 00:00:00 . Memory (MB): peak = 826.023 ; gain = 0.000
WARNING: [Constraints 18-5210] No constraints selected for write.
Resolution: This message can indicate that there are no constraints for the design, or it can indicate that the used_in flags are set such that the constraints are ignored. This later case is used when running synth_design to not write synthesis constraints to the resulting checkpoint. Instead, project constraints are read when the synthesized design is opened.
INFO: [Common 17-1381] The checkpoint 'D:/Documents/Digital_System_Design_Lab/Project/Code/VHDL/final_project/final_project.runs/synth_1/fir_filter_s2.dcp' has been generated.
INFO: [runtcl-4] Executing : report_utilization -file fir_filter_s2_utilization_synth.rpt -pb fir_filter_s2_utilization_synth.pb
INFO: [Common 17-206] Exiting Vivado at Mon May 25 15:07:44 2020...
